2025-04-13 11:11:04,379 - INFO - TRADE BUY - Qtd: 0.1 | Preço: 756.90 | Hora: 11:11
2025-04-13 11:11:36,323 - INFO - TRADE SELL - Qtd: 0.1 | Preço: 755.90 | Hora: 11:11
2025-04-13 11:12:08,475 - INFO - TRADE BUY - Qtd: 0.1 | Preço: 755.90 | Hora: 11:12
2025-04-13 11:12:40,630 - INFO - TRADE BUY - Qtd: 0.1 | Preço: 755.90 | Hora: 11:12
2025-04-13 11:13:12,779 - INFO - TRADE BUY - Qtd: 0.1 | Preço: 755.90 | Hora: 11:13
2025-04-13 11:13:45,142 - INFO - TRADE BUY - Qtd: 0.1 | Preço: 755.90 | Hora: 11:13
2025-04-13 11:14:17,295 - INFO - TRADE BUY - Qtd: 0.1 | Preço: 755.00 | Hora: 11:14
2025-04-13 11:14:49,471 - INFO - TRADE BUY - Qtd: 0.1 | Preço: 754.80 | Hora: 11:14
2025-04-13 11:15:21,502 - INFO - TRADE BUY - Qtd: 0.1 | Preço: 754.70 | Hora: 11:15
2025-04-13 11:15:53,757 - INFO - TRADE BUY - Qtd: 0.1 | Preço: 754.70 | Hora: 11:15
2025-04-13 11:16:26,118 - INFO - TRADE BUY - Qtd: 0.1 | Preço: 754.80 | Hora: 11:16
2025-04-13 11:16:58,373 - INFO - TRADE BUY - Qtd: 0.1 | Preço: 754.80 | Hora: 11:16
2025-04-13 11:17:30,421 - INFO - TRADE BUY - Qtd: 0.1 | Preço: 753.70 | Hora: 11:17
2025-04-13 11:18:02,308 - INFO - TRADE SELL - Qtd: 1.0999999999999999 | Preço: 752.90 | Hora: 11:18
2025-04-13 11:37:14,615 - INFO - TRADE BUY - Qtd: 0.1 | Preço: 759.00 | Taxa: 0.08 | Hora: 11:37
2025-04-13 11:37:46,434 - INFO - TRADE BUY - Qtd: 0.1 | Preço: 758.10 | Taxa: 0.08 | Hora: 11:37
2025-04-13 11:38:18,266 - INFO - TRADE BUY - Qtd: 0.1 | Preço: 758.10 | Taxa: 0.08 | Hora: 11:38
2025-04-13 11:38:50,188 - INFO - TRADE BUY - Qtd: 0.1 | Preço: 761.70 | Taxa: 0.08 | Hora: 11:38
2025-04-13 11:39:22,315 - INFO - TRADE BUY - Qtd: 0.1 | Preço: 760.40 | Taxa: 0.08 | Hora: 11:39
2025-04-13 11:39:54,330 - INFO - TRADE BUY - Qtd: 0.1 | Preço: 760.40 | Taxa: 0.08 | Hora: 11:39
2025-04-13 11:40:26,398 - INFO - TRADE BUY - Qtd: 0.1 | Preço: 760.40 | Taxa: 0.08 | Hora: 11:40
2025-04-13 11:40:58,548 - INFO - TRADE BUY - Qtd: 0.1 | Preço: 760.50 | Taxa: 0.08 | Hora: 11:40
2025-04-13 11:41:30,350 - INFO - TRADE BUY - Qtd: 0.1 | Preço: 761.20 | Taxa: 0.08 | Hora: 11:41
2025-04-13 11:42:02,341 - INFO - TRADE BUY - Qtd: 0.1 | Preço: 760.50 | Taxa: 0.08 | Hora: 11:42
2025-04-13 13:05:22,181 - INFO - TRADE BUY - Qtd: 0.1 | Preço: 761.80 | Taxa: 0.08 | Hora: 13:05
2025-04-13 13:05:57,136 - INFO - TRADE BUY - Qtd: 0.1 | Preço: 761.50 | Taxa: 0.08 | Hora: 13:05
2025-04-13 13:06:31,029 - INFO - TRADE BUY - Qtd: 0.1 | Preço: 761.00 | Taxa: 0.08 | Hora: 13:06
2025-04-13 13:07:04,902 - INFO - TRADE BUY - Qtd: 0.1 | Preço: 761.30 | Taxa: 0.08 | Hora: 13:07
2025-04-13 13:07:38,717 - INFO - TRADE BUY - Qtd: 0.1 | Preço: 760.90 | Taxa: 0.08 | Hora: 13:07
2025-04-13 13:08:12,715 - INFO - TRADE BUY - Qtd: 0.1 | Preço: 760.80 | Taxa: 0.08 | Hora: 13:08
2025-04-13 13:08:46,506 - INFO - TRADE BUY - Qtd: 0.1 | Preço: 760.70 | Taxa: 0.08 | Hora: 13:08
2025-04-13 13:09:20,303 - INFO - TRADE SELL - Qtd: 0.7 | Preço: 761.30 | Taxa: 0.53 | Hora: 13:09
2025-04-13 14:10:05,968 - INFO - TRADE BUY - Qtd: 0.1 | Preço: 768.40 | Taxa: 0.08 | Hora: 14:10
2025-04-13 14:10:43,704 - INFO - TRADE BUY - Qtd: 0.1 | Preço: 767.90 | Taxa: 0.08 | Hora: 14:10
2025-04-13 14:11:21,092 - INFO - TRADE BUY - Qtd: 0.1 | Preço: 768.70 | Taxa: 0.08 | Hora: 14:11
2025-04-13 14:11:58,215 - INFO - TRADE BUY - Qtd: 0.1 | Preço: 768.20 | Taxa: 0.08 | Hora: 14:11
2025-04-13 14:12:35,834 - INFO - TRADE BUY - Qtd: 0.1 | Preço: 768.20 | Taxa: 0.08 | Hora: 14:12
2025-04-13 14:13:13,110 - INFO - TRADE BUY - Qtd: 0.1 | Preço: 768.00 | Taxa: 0.08 | Hora: 14:13
2025-04-13 14:13:50,086 - INFO - TRADE BUY - Qtd: 0.1 | Preço: 768.00 | Taxa: 0.08 | Hora: 14:13
2025-04-13 14:14:26,787 - INFO - TRADE BUY - Qtd: 0.1 | Preço: 768.90 | Taxa: 0.08 | Hora: 14:14
2025-04-13 14:15:04,522 - INFO - TRADE BUY - Qtd: 0.1 | Preço: 768.90 | Taxa: 0.08 | Hora: 14:15
2025-04-13 14:15:42,217 - INFO - TRADE BUY - Qtd: 0.1 | Preço: 769.60 | Taxa: 0.08 | Hora: 14:15
2025-04-13 14:16:18,455 - INFO - TRADE BUY - Qtd: 0.1 | Preço: 768.90 | Taxa: 0.08 | Hora: 14:16
2025-04-13 14:16:55,210 - INFO - TRADE BUY - Qtd: 0.1 | Preço: 768.40 | Taxa: 0.08 | Hora: 14:16
2025-04-13 14:17:32,288 - INFO - TRADE BUY - Qtd: 0.1 | Preço: 767.70 | Taxa: 0.08 | Hora: 14:17
2025-04-13 14:19:18,127 - INFO - TRADE SELL - Qtd: 1.3 | Preço: 767.70 | Taxa: 1.00 | Hora: 14:19
2025-04-13 14:19:52,226 - INFO - TRADE BUY - Qtd: 0.1 | Preço: 770.20 | Taxa: 0.08 | Hora: 14:19
2025-04-13 14:20:29,129 - INFO - TRADE BUY - Qtd: 0.1 | Preço: 780.50 | Taxa: 0.08 | Hora: 14:20
2025-04-13 14:21:06,750 - INFO - TRADE BUY - Qtd: 0.1 | Preço: 780.70 | Taxa: 0.08 | Hora: 14:21
2025-04-13 14:21:44,353 - INFO - TRADE BUY - Qtd: 0.1 | Preço: 777.60 | Taxa: 0.08 | Hora: 14:21
2025-04-13 14:22:21,186 - INFO - TRADE BUY - Qtd: 0.1 | Preço: 777.30 | Taxa: 0.08 | Hora: 14:22
2025-04-13 14:22:58,396 - INFO - TRADE BUY - Qtd: 0.1 | Preço: 778.10 | Taxa: 0.08 | Hora: 14:22
2025-04-13 14:23:36,284 - INFO - TRADE BUY - Qtd: 0.1 | Preço: 776.50 | Taxa: 0.08 | Hora: 14:23
2025-04-13 14:24:13,149 - INFO - TRADE BUY - Qtd: 0.1 | Preço: 776.50 | Taxa: 0.08 | Hora: 14:24
2025-04-13 14:24:50,115 - INFO - TRADE BUY - Qtd: 0.1 | Preço: 777.60 | Taxa: 0.08 | Hora: 14:24
2025-04-13 14:25:27,392 - INFO - TRADE BUY - Qtd: 0.1 | Preço: 775.70 | Taxa: 0.08 | Hora: 14:25
2025-04-13 14:26:04,871 - INFO - TRADE BUY - Qtd: 0.1 | Preço: 775.40 | Taxa: 0.08 | Hora: 14:26
2025-04-13 14:26:42,042 - INFO - TRADE BUY - Qtd: 0.1 | Preço: 775.80 | Taxa: 0.08 | Hora: 14:26
2025-04-13 14:33:30,068 - INFO - TRADE SELL - Qtd: 1.2 | Preço: 771.30 | Taxa: 0.93 | Hora: 14:33
2025-04-13 14:51:25,811 - INFO - TRADE BUY - Qtd: 0.1 | Preço: 778.30 | Taxa: 0.08 | Hora: 14:51
2025-04-13 14:52:02,381 - INFO - TRADE BUY - Qtd: 0.1 | Preço: 778.10 | Taxa: 0.08 | Hora: 14:52
2025-04-13 14:52:38,544 - INFO - TRADE BUY - Qtd: 0.1 | Preço: 778.10 | Taxa: 0.08 | Hora: 14:52
2025-04-13 14:53:14,219 - INFO - TRADE BUY - Qtd: 0.1 | Preço: 778.10 | Taxa: 0.08 | Hora: 14:53
2025-04-13 14:53:50,587 - INFO - TRADE BUY - Qtd: 0.1 | Preço: 777.90 | Taxa: 0.08 | Hora: 14:53
2025-04-13 20:45:25,517 - INFO - TRADE SELL - Qtd: 4 | Preço: 1590.51 | Taxa: 4.77 | Lucro: 6357.27 (inf%)
